<?xml version="1.0" encoding="UTF-8"?>
<!-- Generated by org.testng.reporters.JUnitXMLReporter -->
<testsuite hostname="LAPTOP-UEJFETJP" ignored="0" name="Visa conformation Test" tests="3" failures="0" timestamp="2022-05-10T21:47:00 BST" time="17.205" errors="0">
  <testcase name="aChileanComingToTheUKForWorkAndPlansOnStayingForLongerThanSixMonths" time="3.713" classname="gov.uk.check.visa.testsuits.VisaConfirmationTest"/>
  <testcase name="aColumbianNationalComingToTheUKToJoinAPartnerForALongStayTheyDoHaveAnArticle10Or20Card" time="3.247" classname="gov.uk.check.visa.testsuits.VisaConfirmationTest"/>
  <testcase name="anAustralianCominToUKForTourism" time="2.966" classname="gov.uk.check.visa.testsuits.VisaConfirmationTest"/>
</testsuite> <!-- Visa conformation Test -->
